<?xml version="1.0" encoding="UTF-8"?>
<!-- Generated by org.testng.reporters.JUnitReportReporter -->
<testsuite skipped="0" hostname="ATMECSINLT-033" name="com.TestUtility.Testurl" tests="1" failures="0" timestamp="28 Aug 2019 11:35:37 GMT" time="36.045" errors="0">
  <testcase name="test" time="36.045" classname="com.TestUtility.Testurl"/>
</testsuite> <!-- com.TestUtility.Testurl -->
