<?xml version="1.0" encoding="UTF-8"?>
<!-- Generated by org.testng.reporters.JUnitReportReporter -->
<testsuite skipped="0" hostname="ATMECSINLT-033" name="com.XLS_Reader.Orangehrmlink" tests="1" failures="0" timestamp="28 Aug 2019 10:39:21 GMT" time="22.552" errors="0">
  <testcase name="linktest" time="22.552" classname="com.XLS_Reader.Orangehrmlink"/>
</testsuite> <!-- com.XLS_Reader.Orangehrmlink -->
