<?xml version="1.0" encoding="UTF-8"?>
<!-- Generated by org.testng.reporters.JUnitReportReporter -->
<testsuite skipped="0" hostname="ATMECSINLT-033" name="com.TestUtility.Testurl" tests="1" failures="0" timestamp="2019-08-28T12:00:39 IST" time="31.963" errors="0">
  <testcase name="test" time="31.963" classname="com.TestUtility.Testurl"/>
</testsuite> <!-- com.TestUtility.Testurl -->
